2014-07-28 19:53:45,324 [JavaFX Application Thread] ERROR  com.spontecorp.losarboles.MainApp [MainApp.java:119] Error cargando la ventana principal
javafx.fxml.LoadException: 
file:/D:/Goyo/Proyectos/LosArbolesAdm/dist/run1046845294/LosArbolesAdm.jar!/com/spontecorp/losarboles/view/RootLayout.fxml:12

	at javafx.fxml.FXMLLoader.constructLoadException(FXMLLoader.java:2617) ~[jfxrt.jar:na]
	at javafx.fxml.FXMLLoader.loadImpl(FXMLLoader.java:2595) ~[jfxrt.jar:na]
	at javafx.fxml.FXMLLoader.loadImpl(FXMLLoader.java:2441) ~[jfxrt.jar:na]
	at javafx.fxml.FXMLLoader.load(FXMLLoader.java:2409) ~[jfxrt.jar:na]
	at com.spontecorp.losarboles.MainApp.initRootLayout(MainApp.java:107) [LosArbolesAdm.jar:1.0]
	at com.spontecorp.losarboles.MainApp.userLogging(MainApp.java:94) [LosArbolesAdm.jar:1.0]
	at com.spontecorp.losarboles.controller.LoginController.handleLogin(LoginController.java:66) [LosArbolesAdm.jar:1.0]
	at sun.reflect.NativeMethodAccessorImpl.invoke0(Native Method) ~[na:1.8.0]
	at sun.reflect.NativeMethodAccessorImpl.invoke(NativeMethodAccessorImpl.java:62) ~[na:1.8.0]
	at sun.reflect.DelegatingMethodAccessorImpl.invoke(DelegatingMethodAccessorImpl.java:43) ~[na:1.8.0]
	at java.lang.reflect.Method.invoke(Method.java:483) ~[na:1.8.0]
	at sun.reflect.misc.Trampoline.invoke(MethodUtil.java:71) [na:1.8.0]
	at sun.reflect.GeneratedMethodAccessor1.invoke(Unknown Source) ~[na:na]
	at sun.reflect.DelegatingMethodAccessorImpl.invoke(DelegatingMethodAccessorImpl.java:43) ~[na:1.8.0]
	at java.lang.reflect.Method.invoke(Method.java:483) ~[na:1.8.0]
	at sun.reflect.misc.MethodUtil.invoke(MethodUtil.java:275) [na:1.8.0]
	at javafx.fxml.FXMLLoader$MethodHandler.invoke(FXMLLoader.java:1763) [jfxrt.jar:na]
	at javafx.fxml.FXMLLoader$ControllerMethodEventHandler.handle(FXMLLoader.java:1651) [jfxrt.jar:na]
	at com.sun.javafx.event.CompositeEventHandler.dispatchBubblingEvent(CompositeEventHandler.java:86) [jfxrt.jar:na]
	at com.sun.javafx.event.EventHandlerManager.dispatchBubblingEvent(EventHandlerManager.java:238) [jfxrt.jar:na]
	at com.sun.javafx.event.EventHandlerManager.dispatchBubblingEvent(EventHandlerManager.java:191) [jfxrt.jar:na]
	at com.sun.javafx.event.CompositeEventDispatcher.dispatchBubblingEvent(CompositeEventDispatcher.java:59) [jfxrt.jar:na]
	at com.sun.javafx.event.BasicEventDispatcher.dispatchEvent(BasicEventDispatcher.java:58) [jfxrt.jar:na]
	at com.sun.javafx.event.EventDispatchChainImpl.dispatchEvent(EventDispatchChainImpl.java:114) [jfxrt.jar:na]
	at com.sun.javafx.event.BasicEventDispatcher.dispatchEvent(BasicEventDispatcher.java:56) [jfxrt.jar:na]
	at com.sun.javafx.event.EventDispatchChainImpl.dispatchEvent(EventDispatchChainImpl.java:114) [jfxrt.jar:na]
	at com.sun.javafx.event.BasicEventDispatcher.dispatchEvent(BasicEventDispatcher.java:56) [jfxrt.jar:na]
	at com.sun.javafx.event.EventDispatchChainImpl.dispatchEvent(EventDispatchChainImpl.java:114) [jfxrt.jar:na]
	at com.sun.javafx.event.EventUtil.fireEventImpl(EventUtil.java:74) [jfxrt.jar:na]
	at com.sun.javafx.event.EventUtil.fireEvent(EventUtil.java:49) [jfxrt.jar:na]
	at javafx.event.Event.fireEvent(Event.java:204) [jfxrt.jar:na]
	at javafx.scene.Node.fireEvent(Node.java:8175) [jfxrt.jar:na]
	at javafx.scene.control.Button.fire(Button.java:185) [jfxrt.jar:na]
	at com.sun.javafx.scene.control.skin.ButtonSkin$1.run(ButtonSkin.java:103) [jfxrt.jar:na]
	at com.sun.javafx.scene.KeyboardShortcutsHandler.processAccelerators(KeyboardShortcutsHandler.java:350) [jfxrt.jar:na]
	at com.sun.javafx.scene.KeyboardShortcutsHandler.dispatchBubblingEvent(KeyboardShortcutsHandler.java:168) [jfxrt.jar:na]
	at com.sun.javafx.event.CompositeEventDispatcher.dispatchBubblingEvent(CompositeEventDispatcher.java:59) [jfxrt.jar:na]
	at com.sun.javafx.event.BasicEventDispatcher.dispatchEvent(BasicEventDispatcher.java:58) [jfxrt.jar:na]
	at com.sun.javafx.event.EventDispatchChainImpl.dispatchEvent(EventDispatchChainImpl.java:114) [jfxrt.jar:na]
	at com.sun.javafx.event.BasicEventDispatcher.dispatchEvent(BasicEventDispatcher.java:56) [jfxrt.jar:na]
	at com.sun.javafx.event.EventDispatchChainImpl.dispatchEvent(EventDispatchChainImpl.java:114) [jfxrt.jar:na]
	at com.sun.javafx.event.EventUtil.fireEventImpl(EventUtil.java:74) [jfxrt.jar:na]
	at com.sun.javafx.event.EventUtil.fireEvent(EventUtil.java:49) [jfxrt.jar:na]
	at javafx.event.Event.fireEvent(Event.java:204) [jfxrt.jar:na]
	at javafx.scene.Node.fireEvent(Node.java:8175) [jfxrt.jar:na]
	at com.sun.javafx.scene.control.behavior.TextInputControlBehavior.forwardToParent(TextInputControlBehavior.java:505) [jfxrt.jar:na]
	at com.sun.javafx.scene.control.behavior.TextFieldBehavior.fire(TextFieldBehavior.java:190) [jfxrt.jar:na]
	at com.sun.javafx.scene.control.behavior.TextInputControlBehavior.callAction(TextInputControlBehavior.java:187) [jfxrt.jar:na]
	at com.sun.javafx.scene.control.behavior.BehaviorBase.callActionForEvent(BehaviorBase.java:222) [jfxrt.jar:na]
	at com.sun.javafx.scene.control.behavior.TextInputControlBehavior.callActionForEvent(TextInputControlBehavior.java:137) [jfxrt.jar:na]
	at com.sun.javafx.scene.control.behavior.BehaviorBase$1.handle(BehaviorBase.java:136) [jfxrt.jar:na]
	at com.sun.javafx.scene.control.behavior.BehaviorBase$1.handle(BehaviorBase.java:133) [jfxrt.jar:na]
	at com.sun.javafx.event.CompositeEventHandler$NormalEventHandlerRecord.handleBubblingEvent(CompositeEventHandler.java:218) [jfxrt.jar:na]
	at com.sun.javafx.event.CompositeEventHandler.dispatchBubblingEvent(CompositeEventHandler.java:80) [jfxrt.jar:na]
	at com.sun.javafx.event.EventHandlerManager.dispatchBubblingEvent(EventHandlerManager.java:238) [jfxrt.jar:na]
	at com.sun.javafx.event.EventHandlerManager.dispatchBubblingEvent(EventHandlerManager.java:191) [jfxrt.jar:na]
	at com.sun.javafx.event.CompositeEventDispatcher.dispatchBubblingEvent(CompositeEventDispatcher.java:59) [jfxrt.jar:na]
	at com.sun.javafx.event.BasicEventDispatcher.dispatchEvent(BasicEventDispatcher.java:58) [jfxrt.jar:na]
	at com.sun.javafx.event.EventDispatchChainImpl.dispatchEvent(EventDispatchChainImpl.java:114) [jfxrt.jar:na]
	at com.sun.javafx.event.BasicEventDispatcher.dispatchEvent(BasicEventDispatcher.java:56) [jfxrt.jar:na]
	at com.sun.javafx.event.EventDispatchChainImpl.dispatchEvent(EventDispatchChainImpl.java:114) [jfxrt.jar:na]
	at com.sun.javafx.event.BasicEventDispatcher.dispatchEvent(BasicEventDispatcher.java:56) [jfxrt.jar:na]
	at com.sun.javafx.event.EventDispatchChainImpl.dispatchEvent(EventDispatchChainImpl.java:114) [jfxrt.jar:na]
	at com.sun.javafx.event.EventUtil.fireEventImpl(EventUtil.java:74) [jfxrt.jar:na]
	at com.sun.javafx.event.EventUtil.fireEvent(EventUtil.java:54) [jfxrt.jar:na]
	at javafx.event.Event.fireEvent(Event.java:204) [jfxrt.jar:na]
	at javafx.scene.Scene$KeyHandler.process(Scene.java:3949) [jfxrt.jar:na]
	at javafx.scene.Scene$KeyHandler.access$2100(Scene.java:3896) [jfxrt.jar:na]
	at javafx.scene.Scene.impl_processKeyEvent(Scene.java:2036) [jfxrt.jar:na]
	at javafx.scene.Scene$ScenePeerListener.keyEvent(Scene.java:2493) [jfxrt.jar:na]
	at com.sun.javafx.tk.quantum.GlassViewEventHandler$KeyEventNotification.run(GlassViewEventHandler.java:170) [jfxrt.jar:na]
	at com.sun.javafx.tk.quantum.GlassViewEventHandler$KeyEventNotification.run(GlassViewEventHandler.java:123) [jfxrt.jar:na]
	at java.security.AccessController.doPrivileged(Native Method) [na:1.8.0]
	at com.sun.javafx.tk.quantum.GlassViewEventHandler.handleKeyEvent(GlassViewEventHandler.java:197) [jfxrt.jar:na]
	at com.sun.glass.ui.View.handleKeyEvent(View.java:517) [jfxrt.jar:na]
	at com.sun.glass.ui.View.notifyKey(View.java:927) [jfxrt.jar:na]
	at com.sun.glass.ui.win.WinApplication._runLoop(Native Method) [jfxrt.jar:na]
	at com.sun.glass.ui.win.WinApplication.access$300(WinApplication.java:39) [jfxrt.jar:na]
	at com.sun.glass.ui.win.WinApplication$4$1.run(WinApplication.java:112) [jfxrt.jar:na]
	at java.lang.Thread.run(Thread.java:744) [na:1.8.0]
Caused by: java.lang.IllegalArgumentException: Can not set javafx.scene.control.Menu field com.spontecorp.losarboles.controller.RootLayoutController.menuHelp to javafx.scene.control.MenuBar
	at sun.reflect.UnsafeFieldAccessorImpl.throwSetIllegalArgumentException(UnsafeFieldAccessorImpl.java:167) ~[na:1.8.0]
	at sun.reflect.UnsafeFieldAccessorImpl.throwSetIllegalArgumentException(UnsafeFieldAccessorImpl.java:171) ~[na:1.8.0]
	at sun.reflect.UnsafeObjectFieldAccessorImpl.set(UnsafeObjectFieldAccessorImpl.java:81) ~[na:1.8.0]
	at java.lang.reflect.Field.set(Field.java:758) ~[na:1.8.0]
	at javafx.fxml.FXMLLoader$ValueElement.processValue(FXMLLoader.java:857) ~[jfxrt.jar:na]
	at javafx.fxml.FXMLLoader$ValueElement.processStartElement(FXMLLoader.java:745) ~[jfxrt.jar:na]
	at javafx.fxml.FXMLLoader.processStartElement(FXMLLoader.java:2723) ~[jfxrt.jar:na]
	at javafx.fxml.FXMLLoader.loadImpl(FXMLLoader.java:2527) ~[jfxrt.jar:na]
	... 78 common frames omitted
2014-07-28 20:02:51,000 [JavaFX Application Thread] ERROR  com.spontecorp.losarboles.MainApp [MainApp.java:119] Error cargando la ventana principal
javafx.fxml.LoadException: 
file:/D:/Goyo/Proyectos/LosArbolesAdm/dist/run1049574359/LosArbolesAdm.jar!/com/spontecorp/losarboles/view/RootLayout.fxml

	at javafx.fxml.FXMLLoader.constructLoadException(FXMLLoader.java:2617) ~[jfxrt.jar:na]
	at javafx.fxml.FXMLLoader.loadImpl(FXMLLoader.java:2595) ~[jfxrt.jar:na]
	at javafx.fxml.FXMLLoader.loadImpl(FXMLLoader.java:2441) ~[jfxrt.jar:na]
	at javafx.fxml.FXMLLoader.load(FXMLLoader.java:2409) ~[jfxrt.jar:na]
	at com.spontecorp.losarboles.MainApp.initRootLayout(MainApp.java:107) [LosArbolesAdm.jar:1.0]
	at com.spontecorp.losarboles.MainApp.userLogging(MainApp.java:94) [LosArbolesAdm.jar:1.0]
	at com.spontecorp.losarboles.controller.LoginController.handleLogin(LoginController.java:66) [LosArbolesAdm.jar:1.0]
	at sun.reflect.NativeMethodAccessorImpl.invoke0(Native Method) ~[na:1.8.0]
	at sun.reflect.NativeMethodAccessorImpl.invoke(NativeMethodAccessorImpl.java:62) ~[na:1.8.0]
	at sun.reflect.DelegatingMethodAccessorImpl.invoke(DelegatingMethodAccessorImpl.java:43) ~[na:1.8.0]
	at java.lang.reflect.Method.invoke(Method.java:483) ~[na:1.8.0]
	at sun.reflect.misc.Trampoline.invoke(MethodUtil.java:71) [na:1.8.0]
	at sun.reflect.GeneratedMethodAccessor1.invoke(Unknown Source) ~[na:na]
	at sun.reflect.DelegatingMethodAccessorImpl.invoke(DelegatingMethodAccessorImpl.java:43) ~[na:1.8.0]
	at java.lang.reflect.Method.invoke(Method.java:483) ~[na:1.8.0]
	at sun.reflect.misc.MethodUtil.invoke(MethodUtil.java:275) [na:1.8.0]
	at javafx.fxml.FXMLLoader$MethodHandler.invoke(FXMLLoader.java:1763) [jfxrt.jar:na]
	at javafx.fxml.FXMLLoader$ControllerMethodEventHandler.handle(FXMLLoader.java:1651) [jfxrt.jar:na]
	at com.sun.javafx.event.CompositeEventHandler.dispatchBubblingEvent(CompositeEventHandler.java:86) [jfxrt.jar:na]
	at com.sun.javafx.event.EventHandlerManager.dispatchBubblingEvent(EventHandlerManager.java:238) [jfxrt.jar:na]
	at com.sun.javafx.event.EventHandlerManager.dispatchBubblingEvent(EventHandlerManager.java:191) [jfxrt.jar:na]
	at com.sun.javafx.event.CompositeEventDispatcher.dispatchBubblingEvent(CompositeEventDispatcher.java:59) [jfxrt.jar:na]
	at com.sun.javafx.event.BasicEventDispatcher.dispatchEvent(BasicEventDispatcher.java:58) [jfxrt.jar:na]
	at com.sun.javafx.event.EventDispatchChainImpl.dispatchEvent(EventDispatchChainImpl.java:114) [jfxrt.jar:na]
	at com.sun.javafx.event.BasicEventDispatcher.dispatchEvent(BasicEventDispatcher.java:56) [jfxrt.jar:na]
	at com.sun.javafx.event.EventDispatchChainImpl.dispatchEvent(EventDispatchChainImpl.java:114) [jfxrt.jar:na]
	at com.sun.javafx.event.BasicEventDispatcher.dispatchEvent(BasicEventDispatcher.java:56) [jfxrt.jar:na]
	at com.sun.javafx.event.EventDispatchChainImpl.dispatchEvent(EventDispatchChainImpl.java:114) [jfxrt.jar:na]
	at com.sun.javafx.event.EventUtil.fireEventImpl(EventUtil.java:74) [jfxrt.jar:na]
	at com.sun.javafx.event.EventUtil.fireEvent(EventUtil.java:49) [jfxrt.jar:na]
	at javafx.event.Event.fireEvent(Event.java:204) [jfxrt.jar:na]
	at javafx.scene.Node.fireEvent(Node.java:8175) [jfxrt.jar:na]
	at javafx.scene.control.Button.fire(Button.java:185) [jfxrt.jar:na]
	at com.sun.javafx.scene.control.skin.ButtonSkin$1.run(ButtonSkin.java:103) [jfxrt.jar:na]
	at com.sun.javafx.scene.KeyboardShortcutsHandler.processAccelerators(KeyboardShortcutsHandler.java:350) [jfxrt.jar:na]
	at com.sun.javafx.scene.KeyboardShortcutsHandler.dispatchBubblingEvent(KeyboardShortcutsHandler.java:168) [jfxrt.jar:na]
	at com.sun.javafx.event.CompositeEventDispatcher.dispatchBubblingEvent(CompositeEventDispatcher.java:59) [jfxrt.jar:na]
	at com.sun.javafx.event.BasicEventDispatcher.dispatchEvent(BasicEventDispatcher.java:58) [jfxrt.jar:na]
	at com.sun.javafx.event.EventDispatchChainImpl.dispatchEvent(EventDispatchChainImpl.java:114) [jfxrt.jar:na]
	at com.sun.javafx.event.BasicEventDispatcher.dispatchEvent(BasicEventDispatcher.java:56) [jfxrt.jar:na]
	at com.sun.javafx.event.EventDispatchChainImpl.dispatchEvent(EventDispatchChainImpl.java:114) [jfxrt.jar:na]
	at com.sun.javafx.event.EventUtil.fireEventImpl(EventUtil.java:74) [jfxrt.jar:na]
	at com.sun.javafx.event.EventUtil.fireEvent(EventUtil.java:49) [jfxrt.jar:na]
	at javafx.event.Event.fireEvent(Event.java:204) [jfxrt.jar:na]
	at javafx.scene.Node.fireEvent(Node.java:8175) [jfxrt.jar:na]
	at com.sun.javafx.scene.control.behavior.TextInputControlBehavior.forwardToParent(TextInputControlBehavior.java:505) [jfxrt.jar:na]
	at com.sun.javafx.scene.control.behavior.TextFieldBehavior.fire(TextFieldBehavior.java:190) [jfxrt.jar:na]
	at com.sun.javafx.scene.control.behavior.TextInputControlBehavior.callAction(TextInputControlBehavior.java:187) [jfxrt.jar:na]
	at com.sun.javafx.scene.control.behavior.BehaviorBase.callActionForEvent(BehaviorBase.java:222) [jfxrt.jar:na]
	at com.sun.javafx.scene.control.behavior.TextInputControlBehavior.callActionForEvent(TextInputControlBehavior.java:137) [jfxrt.jar:na]
	at com.sun.javafx.scene.control.behavior.BehaviorBase$1.handle(BehaviorBase.java:136) [jfxrt.jar:na]
	at com.sun.javafx.scene.control.behavior.BehaviorBase$1.handle(BehaviorBase.java:133) [jfxrt.jar:na]
	at com.sun.javafx.event.CompositeEventHandler$NormalEventHandlerRecord.handleBubblingEvent(CompositeEventHandler.java:218) [jfxrt.jar:na]
	at com.sun.javafx.event.CompositeEventHandler.dispatchBubblingEvent(CompositeEventHandler.java:80) [jfxrt.jar:na]
	at com.sun.javafx.event.EventHandlerManager.dispatchBubblingEvent(EventHandlerManager.java:238) [jfxrt.jar:na]
	at com.sun.javafx.event.EventHandlerManager.dispatchBubblingEvent(EventHandlerManager.java:191) [jfxrt.jar:na]
	at com.sun.javafx.event.CompositeEventDispatcher.dispatchBubblingEvent(CompositeEventDispatcher.java:59) [jfxrt.jar:na]
	at com.sun.javafx.event.BasicEventDispatcher.dispatchEvent(BasicEventDispatcher.java:58) [jfxrt.jar:na]
	at com.sun.javafx.event.EventDispatchChainImpl.dispatchEvent(EventDispatchChainImpl.java:114) [jfxrt.jar:na]
	at com.sun.javafx.event.BasicEventDispatcher.dispatchEvent(BasicEventDispatcher.java:56) [jfxrt.jar:na]
	at com.sun.javafx.event.EventDispatchChainImpl.dispatchEvent(EventDispatchChainImpl.java:114) [jfxrt.jar:na]
	at com.sun.javafx.event.BasicEventDispatcher.dispatchEvent(BasicEventDispatcher.java:56) [jfxrt.jar:na]
	at com.sun.javafx.event.EventDispatchChainImpl.dispatchEvent(EventDispatchChainImpl.java:114) [jfxrt.jar:na]
	at com.sun.javafx.event.EventUtil.fireEventImpl(EventUtil.java:74) [jfxrt.jar:na]
	at com.sun.javafx.event.EventUtil.fireEvent(EventUtil.java:54) [jfxrt.jar:na]
	at javafx.event.Event.fireEvent(Event.java:204) [jfxrt.jar:na]
	at javafx.scene.Scene$KeyHandler.process(Scene.java:3949) [jfxrt.jar:na]
	at javafx.scene.Scene$KeyHandler.access$2100(Scene.java:3896) [jfxrt.jar:na]
	at javafx.scene.Scene.impl_processKeyEvent(Scene.java:2036) [jfxrt.jar:na]
	at javafx.scene.Scene$ScenePeerListener.keyEvent(Scene.java:2493) [jfxrt.jar:na]
	at com.sun.javafx.tk.quantum.GlassViewEventHandler$KeyEventNotification.run(GlassViewEventHandler.java:170) [jfxrt.jar:na]
	at com.sun.javafx.tk.quantum.GlassViewEventHandler$KeyEventNotification.run(GlassViewEventHandler.java:123) [jfxrt.jar:na]
	at java.security.AccessController.doPrivileged(Native Method) [na:1.8.0]
	at com.sun.javafx.tk.quantum.GlassViewEventHandler.handleKeyEvent(GlassViewEventHandler.java:197) [jfxrt.jar:na]
	at com.sun.glass.ui.View.handleKeyEvent(View.java:517) [jfxrt.jar:na]
	at com.sun.glass.ui.View.notifyKey(View.java:927) [jfxrt.jar:na]
	at com.sun.glass.ui.win.WinApplication._runLoop(Native Method) [jfxrt.jar:na]
	at com.sun.glass.ui.win.WinApplication.access$300(WinApplication.java:39) [jfxrt.jar:na]
	at com.sun.glass.ui.win.WinApplication$4$1.run(WinApplication.java:112) [jfxrt.jar:na]
	at java.lang.Thread.run(Thread.java:744) [na:1.8.0]
Caused by: java.lang.NullPointerException: null
	at com.spontecorp.losarboles.controller.RootLayoutController.initialize(RootLayoutController.java:49) ~[LosArbolesAdm.jar:1.0]
	at javafx.fxml.FXMLLoader.loadImpl(FXMLLoader.java:2548) ~[jfxrt.jar:na]
	... 78 common frames omitted
