
2014-07-26 17:21:59,979 [JavaFX Application Thread] INFO   c.s.losarboles.utilities.InitDB [InitDB.java:42] creando datos iniciales en la base de datos
2014-07-26 17:22:00,102 [JavaFX Application Thread] DEBUG  c.s.losarboles.jpa.AbstractFacade [AbstractFacade.java:47] Error creando en Abstract Facade : javax.persistence.RollbackException: Exception [EclipseLink-4002] (Eclipse Persistence Services - 2.5.1.v20130918-f2b9fc5): org.eclipse.persistence.exceptions.DatabaseException
Internal Exception: java.sql.SQLSyntaxErrorException: Syntax error: Encountered "user" at line 1, column 13.
Error Code: 20000
Call: INSERT INTO user (apellido, NOMBRE, password, status, usr, perfil_id) VALUES (?, ?, ?, ?, ?, ?)
	bind => [6 parameters bound]
Query: InsertObjectQuery(Admin Admin)
2014-07-26 17:22:00,102 [JavaFX Application Thread] INFO   c.s.losarboles.utilities.InitDB [InitDB.java:66] Inicializados datos para el usuario administrdor
2014-07-26 17:30:10,688 [JavaFX Application Thread] INFO   c.s.losarboles.utilities.InitDB [InitDB.java:42] creando datos iniciales en la base de datos
2014-07-26 17:30:10,769 [JavaFX Application Thread] DEBUG  c.s.losarboles.jpa.AbstractFacade [AbstractFacade.java:47] Error creando en Abstract Facade : javax.persistence.RollbackException: Exception [EclipseLink-4002] (Eclipse Persistence Services - 2.5.1.v20130918-f2b9fc5): org.eclipse.persistence.exceptions.DatabaseException
Internal Exception: java.sql.SQLSyntaxErrorException: Syntax error: Encountered "user" at line 1, column 13.
Error Code: 20000
Call: INSERT INTO user (apellido, nombre, psw, status, usr, perfil_id) VALUES (?, ?, ?, ?, ?, ?)
	bind => [6 parameters bound]
Query: InsertObjectQuery(Admin Admin)
2014-07-26 17:30:10,770 [JavaFX Application Thread] INFO   c.s.losarboles.utilities.InitDB [InitDB.java:66] Inicializados datos para el usuario administrdor
2014-07-26 17:35:01,438 [JavaFX Application Thread] DEBUG  c.s.losarboles.jpa.UsuarioFacade [UsuarioFacade.java:52] Lanzó la exception: 
2014-07-26 17:40:18,794 [JavaFX Application Thread] DEBUG  c.s.losarboles.jpa.UsuarioFacade [UsuarioFacade.java:52] Lanzó la exception: 
javax.persistence.NoResultException: getSingleResult() did not retrieve any entities.
	at org.eclipse.persistence.internal.jpa.QueryImpl.throwNoResultException(QueryImpl.java:972) ~[eclipselink.jar:2.5.1.v20130918-f2b9fc5]
	at org.eclipse.persistence.internal.jpa.QueryImpl.getSingleResult(QueryImpl.java:522) ~[eclipselink.jar:2.5.1.v20130918-f2b9fc5]
	at org.eclipse.persistence.internal.jpa.EJBQueryImpl.getSingleResult(EJBQueryImpl.java:400) ~[eclipselink.jar:2.5.1.v20130918-f2b9fc5]
	at com.spontecorp.losarboles.jpa.UsuarioFacade.findUser(UsuarioFacade.java:49) ~[LosArbolesAdm.jar:1.0]
	at com.spontecorp.losarboles.utilities.Authenticator.authenticate(Authenticator.java:29) [LosArbolesAdm.jar:1.0]
	at com.spontecorp.losarboles.utilities.Authenticator.authenticate(Authenticator.java:46) [LosArbolesAdm.jar:1.0]
	at com.spontecorp.losarboles.MainApp.userLogging(MainApp.java:79) [LosArbolesAdm.jar:1.0]
	at com.spontecorp.losarboles.controller.LoginController.handleLogin(LoginController.java:66) [LosArbolesAdm.jar:1.0]
	at sun.reflect.NativeMethodAccessorImpl.invoke0(Native Method) ~[na:1.8.0]
	at sun.reflect.NativeMethodAccessorImpl.invoke(NativeMethodAccessorImpl.java:62) ~[na:1.8.0]
	at sun.reflect.DelegatingMethodAccessorImpl.invoke(DelegatingMethodAccessorImpl.java:43) ~[na:1.8.0]
	at java.lang.reflect.Method.invoke(Method.java:483) ~[na:1.8.0]
	at sun.reflect.misc.Trampoline.invoke(MethodUtil.java:71) [na:1.8.0]
	at sun.reflect.GeneratedMethodAccessor1.invoke(Unknown Source) ~[na:na]
	at sun.reflect.DelegatingMethodAccessorImpl.invoke(DelegatingMethodAccessorImpl.java:43) ~[na:1.8.0]
	at java.lang.reflect.Method.invoke(Method.java:483) ~[na:1.8.0]
	at sun.reflect.misc.MethodUtil.invoke(MethodUtil.java:275) [na:1.8.0]
	at javafx.fxml.FXMLLoader$MethodHandler.invoke(FXMLLoader.java:1763) [jfxrt.jar:na]
	at javafx.fxml.FXMLLoader$ControllerMethodEventHandler.handle(FXMLLoader.java:1651) [jfxrt.jar:na]
	at com.sun.javafx.event.CompositeEventHandler.dispatchBubblingEvent(CompositeEventHandler.java:86) [jfxrt.jar:na]
	at com.sun.javafx.event.EventHandlerManager.dispatchBubblingEvent(EventHandlerManager.java:238) [jfxrt.jar:na]
	at com.sun.javafx.event.EventHandlerManager.dispatchBubblingEvent(EventHandlerManager.java:191) [jfxrt.jar:na]
	at com.sun.javafx.event.CompositeEventDispatcher.dispatchBubblingEvent(CompositeEventDispatcher.java:59) [jfxrt.jar:na]
	at com.sun.javafx.event.BasicEventDispatcher.dispatchEvent(BasicEventDispatcher.java:58) [jfxrt.jar:na]
	at com.sun.javafx.event.EventDispatchChainImpl.dispatchEvent(EventDispatchChainImpl.java:114) [jfxrt.jar:na]
	at com.sun.javafx.event.BasicEventDispatcher.dispatchEvent(BasicEventDispatcher.java:56) [jfxrt.jar:na]
	at com.sun.javafx.event.EventDispatchChainImpl.dispatchEvent(EventDispatchChainImpl.java:114) [jfxrt.jar:na]
	at com.sun.javafx.event.BasicEventDispatcher.dispatchEvent(BasicEventDispatcher.java:56) [jfxrt.jar:na]
	at com.sun.javafx.event.EventDispatchChainImpl.dispatchEvent(EventDispatchChainImpl.java:114) [jfxrt.jar:na]
	at com.sun.javafx.event.EventUtil.fireEventImpl(EventUtil.java:74) [jfxrt.jar:na]
	at com.sun.javafx.event.EventUtil.fireEvent(EventUtil.java:49) [jfxrt.jar:na]
	at javafx.event.Event.fireEvent(Event.java:204) [jfxrt.jar:na]
	at javafx.scene.Node.fireEvent(Node.java:8175) [jfxrt.jar:na]
	at javafx.scene.control.Button.fire(Button.java:185) [jfxrt.jar:na]
	at com.sun.javafx.scene.control.behavior.ButtonBehavior.mouseReleased(ButtonBehavior.java:182) [jfxrt.jar:na]
	at com.sun.javafx.scene.control.skin.BehaviorSkinBase$1.handle(BehaviorSkinBase.java:96) [jfxrt.jar:na]
	at com.sun.javafx.scene.control.skin.BehaviorSkinBase$1.handle(BehaviorSkinBase.java:89) [jfxrt.jar:na]
	at com.sun.javafx.event.CompositeEventHandler$NormalEventHandlerRecord.handleBubblingEvent(CompositeEventHandler.java:218) [jfxrt.jar:na]
	at com.sun.javafx.event.CompositeEventHandler.dispatchBubblingEvent(CompositeEventHandler.java:80) [jfxrt.jar:na]
	at com.sun.javafx.event.EventHandlerManager.dispatchBubblingEvent(EventHandlerManager.java:238) [jfxrt.jar:na]
	at com.sun.javafx.event.EventHandlerManager.dispatchBubblingEvent(EventHandlerManager.java:191) [jfxrt.jar:na]
	at com.sun.javafx.event.CompositeEventDispatcher.dispatchBubblingEvent(CompositeEventDispatcher.java:59) [jfxrt.jar:na]
	at com.sun.javafx.event.BasicEventDispatcher.dispatchEvent(BasicEventDispatcher.java:58) [jfxrt.jar:na]
	at com.sun.javafx.event.EventDispatchChainImpl.dispatchEvent(EventDispatchChainImpl.java:114) [jfxrt.jar:na]
	at com.sun.javafx.event.BasicEventDispatcher.dispatchEvent(BasicEventDispatcher.java:56) [jfxrt.jar:na]
	at com.sun.javafx.event.EventDispatchChainImpl.dispatchEvent(EventDispatchChainImpl.java:114) [jfxrt.jar:na]
	at com.sun.javafx.event.BasicEventDispatcher.dispatchEvent(BasicEventDispatcher.java:56) [jfxrt.jar:na]
	at com.sun.javafx.event.EventDispatchChainImpl.dispatchEvent(EventDispatchChainImpl.java:114) [jfxrt.jar:na]
	at com.sun.javafx.event.EventUtil.fireEventImpl(EventUtil.java:74) [jfxrt.jar:na]
	at com.sun.javafx.event.EventUtil.fireEvent(EventUtil.java:54) [jfxrt.jar:na]
	at javafx.event.Event.fireEvent(Event.java:204) [jfxrt.jar:na]
	at javafx.scene.Scene$MouseHandler.process(Scene.java:3746) [jfxrt.jar:na]
	at javafx.scene.Scene$MouseHandler.access$1800(Scene.java:3471) [jfxrt.jar:na]
	at javafx.scene.Scene.impl_processMouseEvent(Scene.java:1695) [jfxrt.jar:na]
	at javafx.scene.Scene$ScenePeerListener.mouseEvent(Scene.java:2486) [jfxrt.jar:na]
	at com.sun.javafx.tk.quantum.GlassViewEventHandler$MouseEventNotification.run(GlassViewEventHandler.java:314) [jfxrt.jar:na]
	at com.sun.javafx.tk.quantum.GlassViewEventHandler$MouseEventNotification.run(GlassViewEventHandler.java:243) [jfxrt.jar:na]
	at java.security.AccessController.doPrivileged(Native Method) [na:1.8.0]
	at com.sun.javafx.tk.quantum.GlassViewEventHandler.handleMouseEvent(GlassViewEventHandler.java:345) [jfxrt.jar:na]
	at com.sun.glass.ui.View.handleMouseEvent(View.java:526) [jfxrt.jar:na]
	at com.sun.glass.ui.View.notifyMouse(View.java:898) [jfxrt.jar:na]
	at com.sun.glass.ui.win.WinApplication._runLoop(Native Method) [jfxrt.jar:na]
	at com.sun.glass.ui.win.WinApplication.access$300(WinApplication.java:39) [jfxrt.jar:na]
	at com.sun.glass.ui.win.WinApplication$4$1.run(WinApplication.java:112) [jfxrt.jar:na]
	at java.lang.Thread.run(Thread.java:744) [na:1.8.0]
2014-07-26 17:42:39,638 [JavaFX Application Thread] DEBUG  c.s.losarboles.utilities.InitDB [InitDB.java:40] Empezará a crear la base de datos
2014-07-26 17:42:53,949 [JavaFX Application Thread] DEBUG  c.s.losarboles.jpa.UsuarioFacade [UsuarioFacade.java:52] Lanzó la exception: 
javax.persistence.NoResultException: getSingleResult() did not retrieve any entities.
	at org.eclipse.persistence.internal.jpa.QueryImpl.throwNoResultException(QueryImpl.java:972) ~[eclipselink.jar:2.5.1.v20130918-f2b9fc5]
	at org.eclipse.persistence.internal.jpa.QueryImpl.getSingleResult(QueryImpl.java:522) ~[eclipselink.jar:2.5.1.v20130918-f2b9fc5]
	at org.eclipse.persistence.internal.jpa.EJBQueryImpl.getSingleResult(EJBQueryImpl.java:400) ~[eclipselink.jar:2.5.1.v20130918-f2b9fc5]
	at com.spontecorp.losarboles.jpa.UsuarioFacade.findUser(UsuarioFacade.java:49) ~[LosArbolesAdm.jar:1.0]
	at com.spontecorp.losarboles.utilities.Authenticator.authenticate(Authenticator.java:29) [LosArbolesAdm.jar:1.0]
	at com.spontecorp.losarboles.utilities.Authenticator.authenticate(Authenticator.java:46) [LosArbolesAdm.jar:1.0]
	at com.spontecorp.losarboles.MainApp.userLogging(MainApp.java:79) [LosArbolesAdm.jar:1.0]
	at com.spontecorp.losarboles.controller.LoginController.handleLogin(LoginController.java:66) [LosArbolesAdm.jar:1.0]
	at sun.reflect.NativeMethodAccessorImpl.invoke0(Native Method) ~[na:1.8.0]
	at sun.reflect.NativeMethodAccessorImpl.invoke(NativeMethodAccessorImpl.java:62) ~[na:1.8.0]
	at sun.reflect.DelegatingMethodAccessorImpl.invoke(DelegatingMethodAccessorImpl.java:43) ~[na:1.8.0]
	at java.lang.reflect.Method.invoke(Method.java:483) ~[na:1.8.0]
	at sun.reflect.misc.Trampoline.invoke(MethodUtil.java:71) [na:1.8.0]
	at sun.reflect.GeneratedMethodAccessor1.invoke(Unknown Source) ~[na:na]
	at sun.reflect.DelegatingMethodAccessorImpl.invoke(DelegatingMethodAccessorImpl.java:43) ~[na:1.8.0]
	at java.lang.reflect.Method.invoke(Method.java:483) ~[na:1.8.0]
	at sun.reflect.misc.MethodUtil.invoke(MethodUtil.java:275) [na:1.8.0]
	at javafx.fxml.FXMLLoader$MethodHandler.invoke(FXMLLoader.java:1763) [jfxrt.jar:na]
	at javafx.fxml.FXMLLoader$ControllerMethodEventHandler.handle(FXMLLoader.java:1651) [jfxrt.jar:na]
	at com.sun.javafx.event.CompositeEventHandler.dispatchBubblingEvent(CompositeEventHandler.java:86) [jfxrt.jar:na]
	at com.sun.javafx.event.EventHandlerManager.dispatchBubblingEvent(EventHandlerManager.java:238) [jfxrt.jar:na]
	at com.sun.javafx.event.EventHandlerManager.dispatchBubblingEvent(EventHandlerManager.java:191) [jfxrt.jar:na]
	at com.sun.javafx.event.CompositeEventDispatcher.dispatchBubblingEvent(CompositeEventDispatcher.java:59) [jfxrt.jar:na]
	at com.sun.javafx.event.BasicEventDispatcher.dispatchEvent(BasicEventDispatcher.java:58) [jfxrt.jar:na]
	at com.sun.javafx.event.EventDispatchChainImpl.dispatchEvent(EventDispatchChainImpl.java:114) [jfxrt.jar:na]
	at com.sun.javafx.event.BasicEventDispatcher.dispatchEvent(BasicEventDispatcher.java:56) [jfxrt.jar:na]
	at com.sun.javafx.event.EventDispatchChainImpl.dispatchEvent(EventDispatchChainImpl.java:114) [jfxrt.jar:na]
	at com.sun.javafx.event.BasicEventDispatcher.dispatchEvent(BasicEventDispatcher.java:56) [jfxrt.jar:na]
	at com.sun.javafx.event.EventDispatchChainImpl.dispatchEvent(EventDispatchChainImpl.java:114) [jfxrt.jar:na]
	at com.sun.javafx.event.EventUtil.fireEventImpl(EventUtil.java:74) [jfxrt.jar:na]
	at com.sun.javafx.event.EventUtil.fireEvent(EventUtil.java:49) [jfxrt.jar:na]
	at javafx.event.Event.fireEvent(Event.java:204) [jfxrt.jar:na]
	at javafx.scene.Node.fireEvent(Node.java:8175) [jfxrt.jar:na]
	at javafx.scene.control.Button.fire(Button.java:185) [jfxrt.jar:na]
	at com.sun.javafx.scene.control.behavior.ButtonBehavior.mouseReleased(ButtonBehavior.java:182) [jfxrt.jar:na]
	at com.sun.javafx.scene.control.skin.BehaviorSkinBase$1.handle(BehaviorSkinBase.java:96) [jfxrt.jar:na]
	at com.sun.javafx.scene.control.skin.BehaviorSkinBase$1.handle(BehaviorSkinBase.java:89) [jfxrt.jar:na]
	at com.sun.javafx.event.CompositeEventHandler$NormalEventHandlerRecord.handleBubblingEvent(CompositeEventHandler.java:218) [jfxrt.jar:na]
	at com.sun.javafx.event.CompositeEventHandler.dispatchBubblingEvent(CompositeEventHandler.java:80) [jfxrt.jar:na]
	at com.sun.javafx.event.EventHandlerManager.dispatchBubblingEvent(EventHandlerManager.java:238) [jfxrt.jar:na]
	at com.sun.javafx.event.EventHandlerManager.dispatchBubblingEvent(EventHandlerManager.java:191) [jfxrt.jar:na]
	at com.sun.javafx.event.CompositeEventDispatcher.dispatchBubblingEvent(CompositeEventDispatcher.java:59) [jfxrt.jar:na]
	at com.sun.javafx.event.BasicEventDispatcher.dispatchEvent(BasicEventDispatcher.java:58) [jfxrt.jar:na]
	at com.sun.javafx.event.EventDispatchChainImpl.dispatchEvent(EventDispatchChainImpl.java:114) [jfxrt.jar:na]
	at com.sun.javafx.event.BasicEventDispatcher.dispatchEvent(BasicEventDispatcher.java:56) [jfxrt.jar:na]
	at com.sun.javafx.event.EventDispatchChainImpl.dispatchEvent(EventDispatchChainImpl.java:114) [jfxrt.jar:na]
	at com.sun.javafx.event.BasicEventDispatcher.dispatchEvent(BasicEventDispatcher.java:56) [jfxrt.jar:na]
	at com.sun.javafx.event.EventDispatchChainImpl.dispatchEvent(EventDispatchChainImpl.java:114) [jfxrt.jar:na]
	at com.sun.javafx.event.EventUtil.fireEventImpl(EventUtil.java:74) [jfxrt.jar:na]
	at com.sun.javafx.event.EventUtil.fireEvent(EventUtil.java:54) [jfxrt.jar:na]
	at javafx.event.Event.fireEvent(Event.java:204) [jfxrt.jar:na]
	at javafx.scene.Scene$MouseHandler.process(Scene.java:3746) [jfxrt.jar:na]
	at javafx.scene.Scene$MouseHandler.access$1800(Scene.java:3471) [jfxrt.jar:na]
	at javafx.scene.Scene.impl_processMouseEvent(Scene.java:1695) [jfxrt.jar:na]
	at javafx.scene.Scene$ScenePeerListener.mouseEvent(Scene.java:2486) [jfxrt.jar:na]
	at com.sun.javafx.tk.quantum.GlassViewEventHandler$MouseEventNotification.run(GlassViewEventHandler.java:314) [jfxrt.jar:na]
	at com.sun.javafx.tk.quantum.GlassViewEventHandler$MouseEventNotification.run(GlassViewEventHandler.java:243) [jfxrt.jar:na]
	at java.security.AccessController.doPrivileged(Native Method) [na:1.8.0]
	at com.sun.javafx.tk.quantum.GlassViewEventHandler.handleMouseEvent(GlassViewEventHandler.java:345) [jfxrt.jar:na]
	at com.sun.glass.ui.View.handleMouseEvent(View.java:526) [jfxrt.jar:na]
	at com.sun.glass.ui.View.notifyMouse(View.java:898) [jfxrt.jar:na]
	at com.sun.glass.ui.win.WinApplication._runLoop(Native Method) [jfxrt.jar:na]
	at com.sun.glass.ui.win.WinApplication.access$300(WinApplication.java:39) [jfxrt.jar:na]
	at com.sun.glass.ui.win.WinApplication$4$1.run(WinApplication.java:112) [jfxrt.jar:na]
	at java.lang.Thread.run(Thread.java:744) [na:1.8.0]
2014-07-26 17:57:18,860 [JavaFX Application Thread] DEBUG  c.s.losarboles.utilities.InitDB [InitDB.java:40] Empezará a crear la base de datos
2014-07-26 17:57:27,030 [JavaFX Application Thread] INFO   c.s.losarboles.utilities.InitDB [InitDB.java:43] creando datos iniciales en la base de datos
2014-07-26 17:57:27,127 [JavaFX Application Thread] INFO   c.s.losarboles.utilities.InitDB [InitDB.java:67] Inicializados datos para el usuario administrdor
2014-07-26 17:59:30,713 [JavaFX Application Thread] DEBUG  c.s.losarboles.utilities.InitDB [InitDB.java:40] Empezará a crear la base de datos
2014-07-26 17:59:41,620 [JavaFX Application Thread] DEBUG  c.s.losarboles.jpa.UsuarioFacade [UsuarioFacade.java:52] Lanzó la exception: 
javax.persistence.NoResultException: getSingleResult() did not retrieve any entities.
	at org.eclipse.persistence.internal.jpa.QueryImpl.throwNoResultException(QueryImpl.java:972) ~[eclipselink.jar:2.5.1.v20130918-f2b9fc5]
	at org.eclipse.persistence.internal.jpa.QueryImpl.getSingleResult(QueryImpl.java:522) ~[eclipselink.jar:2.5.1.v20130918-f2b9fc5]
	at org.eclipse.persistence.internal.jpa.EJBQueryImpl.getSingleResult(EJBQueryImpl.java:400) ~[eclipselink.jar:2.5.1.v20130918-f2b9fc5]
	at com.spontecorp.losarboles.jpa.UsuarioFacade.findUser(UsuarioFacade.java:49) ~[LosArbolesAdm.jar:1.0]
	at com.spontecorp.losarboles.utilities.Authenticator.authenticate(Authenticator.java:29) [LosArbolesAdm.jar:1.0]
	at com.spontecorp.losarboles.utilities.Authenticator.authenticate(Authenticator.java:46) [LosArbolesAdm.jar:1.0]
	at com.spontecorp.losarboles.MainApp.userLogging(MainApp.java:79) [LosArbolesAdm.jar:1.0]
	at com.spontecorp.losarboles.controller.LoginController.handleLogin(LoginController.java:66) [LosArbolesAdm.jar:1.0]
	at sun.reflect.NativeMethodAccessorImpl.invoke0(Native Method) ~[na:1.8.0]
	at sun.reflect.NativeMethodAccessorImpl.invoke(NativeMethodAccessorImpl.java:62) ~[na:1.8.0]
	at sun.reflect.DelegatingMethodAccessorImpl.invoke(DelegatingMethodAccessorImpl.java:43) ~[na:1.8.0]
	at java.lang.reflect.Method.invoke(Method.java:483) ~[na:1.8.0]
	at sun.reflect.misc.Trampoline.invoke(MethodUtil.java:71) [na:1.8.0]
	at sun.reflect.GeneratedMethodAccessor1.invoke(Unknown Source) ~[na:na]
	at sun.reflect.DelegatingMethodAccessorImpl.invoke(DelegatingMethodAccessorImpl.java:43) ~[na:1.8.0]
	at java.lang.reflect.Method.invoke(Method.java:483) ~[na:1.8.0]
	at sun.reflect.misc.MethodUtil.invoke(MethodUtil.java:275) [na:1.8.0]
	at javafx.fxml.FXMLLoader$MethodHandler.invoke(FXMLLoader.java:1763) [jfxrt.jar:na]
	at javafx.fxml.FXMLLoader$ControllerMethodEventHandler.handle(FXMLLoader.java:1651) [jfxrt.jar:na]
	at com.sun.javafx.event.CompositeEventHandler.dispatchBubblingEvent(CompositeEventHandler.java:86) [jfxrt.jar:na]
	at com.sun.javafx.event.EventHandlerManager.dispatchBubblingEvent(EventHandlerManager.java:238) [jfxrt.jar:na]
	at com.sun.javafx.event.EventHandlerManager.dispatchBubblingEvent(EventHandlerManager.java:191) [jfxrt.jar:na]
	at com.sun.javafx.event.CompositeEventDispatcher.dispatchBubblingEvent(CompositeEventDispatcher.java:59) [jfxrt.jar:na]
	at com.sun.javafx.event.BasicEventDispatcher.dispatchEvent(BasicEventDispatcher.java:58) [jfxrt.jar:na]
	at com.sun.javafx.event.EventDispatchChainImpl.dispatchEvent(EventDispatchChainImpl.java:114) [jfxrt.jar:na]
	at com.sun.javafx.event.BasicEventDispatcher.dispatchEvent(BasicEventDispatcher.java:56) [jfxrt.jar:na]
	at com.sun.javafx.event.EventDispatchChainImpl.dispatchEvent(EventDispatchChainImpl.java:114) [jfxrt.jar:na]
	at com.sun.javafx.event.BasicEventDispatcher.dispatchEvent(BasicEventDispatcher.java:56) [jfxrt.jar:na]
	at com.sun.javafx.event.EventDispatchChainImpl.dispatchEvent(EventDispatchChainImpl.java:114) [jfxrt.jar:na]
	at com.sun.javafx.event.EventUtil.fireEventImpl(EventUtil.java:74) [jfxrt.jar:na]
	at com.sun.javafx.event.EventUtil.fireEvent(EventUtil.java:49) [jfxrt.jar:na]
	at javafx.event.Event.fireEvent(Event.java:204) [jfxrt.jar:na]
	at javafx.scene.Node.fireEvent(Node.java:8175) [jfxrt.jar:na]
	at javafx.scene.control.Button.fire(Button.java:185) [jfxrt.jar:na]
	at com.sun.javafx.scene.control.behavior.ButtonBehavior.mouseReleased(ButtonBehavior.java:182) [jfxrt.jar:na]
	at com.sun.javafx.scene.control.skin.BehaviorSkinBase$1.handle(BehaviorSkinBase.java:96) [jfxrt.jar:na]
	at com.sun.javafx.scene.control.skin.BehaviorSkinBase$1.handle(BehaviorSkinBase.java:89) [jfxrt.jar:na]
	at com.sun.javafx.event.CompositeEventHandler$NormalEventHandlerRecord.handleBubblingEvent(CompositeEventHandler.java:218) [jfxrt.jar:na]
	at com.sun.javafx.event.CompositeEventHandler.dispatchBubblingEvent(CompositeEventHandler.java:80) [jfxrt.jar:na]
	at com.sun.javafx.event.EventHandlerManager.dispatchBubblingEvent(EventHandlerManager.java:238) [jfxrt.jar:na]
	at com.sun.javafx.event.EventHandlerManager.dispatchBubblingEvent(EventHandlerManager.java:191) [jfxrt.jar:na]
	at com.sun.javafx.event.CompositeEventDispatcher.dispatchBubblingEvent(CompositeEventDispatcher.java:59) [jfxrt.jar:na]
	at com.sun.javafx.event.BasicEventDispatcher.dispatchEvent(BasicEventDispatcher.java:58) [jfxrt.jar:na]
	at com.sun.javafx.event.EventDispatchChainImpl.dispatchEvent(EventDispatchChainImpl.java:114) [jfxrt.jar:na]
	at com.sun.javafx.event.BasicEventDispatcher.dispatchEvent(BasicEventDispatcher.java:56) [jfxrt.jar:na]
	at com.sun.javafx.event.EventDispatchChainImpl.dispatchEvent(EventDispatchChainImpl.java:114) [jfxrt.jar:na]
	at com.sun.javafx.event.BasicEventDispatcher.dispatchEvent(BasicEventDispatcher.java:56) [jfxrt.jar:na]
	at com.sun.javafx.event.EventDispatchChainImpl.dispatchEvent(EventDispatchChainImpl.java:114) [jfxrt.jar:na]
	at com.sun.javafx.event.EventUtil.fireEventImpl(EventUtil.java:74) [jfxrt.jar:na]
	at com.sun.javafx.event.EventUtil.fireEvent(EventUtil.java:54) [jfxrt.jar:na]
	at javafx.event.Event.fireEvent(Event.java:204) [jfxrt.jar:na]
	at javafx.scene.Scene$MouseHandler.process(Scene.java:3746) [jfxrt.jar:na]
	at javafx.scene.Scene$MouseHandler.access$1800(Scene.java:3471) [jfxrt.jar:na]
	at javafx.scene.Scene.impl_processMouseEvent(Scene.java:1695) [jfxrt.jar:na]
	at javafx.scene.Scene$ScenePeerListener.mouseEvent(Scene.java:2486) [jfxrt.jar:na]
	at com.sun.javafx.tk.quantum.GlassViewEventHandler$MouseEventNotification.run(GlassViewEventHandler.java:314) [jfxrt.jar:na]
	at com.sun.javafx.tk.quantum.GlassViewEventHandler$MouseEventNotification.run(GlassViewEventHandler.java:243) [jfxrt.jar:na]
	at java.security.AccessController.doPrivileged(Native Method) [na:1.8.0]
	at com.sun.javafx.tk.quantum.GlassViewEventHandler.handleMouseEvent(GlassViewEventHandler.java:345) [jfxrt.jar:na]
	at com.sun.glass.ui.View.handleMouseEvent(View.java:526) [jfxrt.jar:na]
	at com.sun.glass.ui.View.notifyMouse(View.java:898) [jfxrt.jar:na]
	at com.sun.glass.ui.win.WinApplication._runLoop(Native Method) [jfxrt.jar:na]
	at com.sun.glass.ui.win.WinApplication.access$300(WinApplication.java:39) [jfxrt.jar:na]
	at com.sun.glass.ui.win.WinApplication$4$1.run(WinApplication.java:112) [jfxrt.jar:na]
	at java.lang.Thread.run(Thread.java:744) [na:1.8.0]
2014-07-26 18:04:18,500 [JavaFX Application Thread] INFO   c.s.losarboles.jpa.UsuarioFacade [UsuarioFacade.java:51] Se trató de ingresar erróneamente con el usuario: pepe
2014-07-26 18:04:26,796 [JavaFX Application Thread] INFO   c.s.losarboles.jpa.UsuarioFacade [UsuarioFacade.java:51] Se trató de ingresar erróneamente con el usuario: pepe
2014-07-26 18:24:22,352 [JavaFX Application Thread] ERROR  com.spontecorp.losarboles.MainApp [MainApp.java:140] Error cargando la vista base
java.lang.IllegalStateException: Location is not set.
	at javafx.fxml.FXMLLoader.loadImpl(FXMLLoader.java:2434) ~[jfxrt.jar:na]
	at javafx.fxml.FXMLLoader.load(FXMLLoader.java:2409) ~[jfxrt.jar:na]
	at com.spontecorp.losarboles.MainApp.changeBaseView(MainApp.java:136) [LosArbolesAdm.jar:1.0]
	at com.spontecorp.losarboles.MainApp.showUsuariosAdmin(MainApp.java:145) [LosArbolesAdm.jar:1.0]
	at com.spontecorp.losarboles.controller.RootLayoutController.handleMenuUsuarios(RootLayoutController.java:57) [LosArbolesAdm.jar:1.0]
	at sun.reflect.NativeMethodAccessorImpl.invoke0(Native Method) ~[na:1.8.0]
	at sun.reflect.NativeMethodAccessorImpl.invoke(NativeMethodAccessorImpl.java:62) ~[na:1.8.0]
	at sun.reflect.DelegatingMethodAccessorImpl.invoke(DelegatingMethodAccessorImpl.java:43) ~[na:1.8.0]
	at java.lang.reflect.Method.invoke(Method.java:483) ~[na:1.8.0]
	at sun.reflect.misc.Trampoline.invoke(MethodUtil.java:71) [na:1.8.0]
	at sun.reflect.GeneratedMethodAccessor1.invoke(Unknown Source) ~[na:na]
	at sun.reflect.DelegatingMethodAccessorImpl.invoke(DelegatingMethodAccessorImpl.java:43) ~[na:1.8.0]
	at java.lang.reflect.Method.invoke(Method.java:483) ~[na:1.8.0]
	at sun.reflect.misc.MethodUtil.invoke(MethodUtil.java:275) [na:1.8.0]
	at javafx.fxml.FXMLLoader$MethodHandler.invoke(FXMLLoader.java:1763) [jfxrt.jar:na]
	at javafx.fxml.FXMLLoader$ControllerMethodEventHandler.handle(FXMLLoader.java:1651) [jfxrt.jar:na]
	at com.sun.javafx.event.CompositeEventHandler.dispatchBubblingEvent(CompositeEventHandler.java:86) [jfxrt.jar:na]
	at com.sun.javafx.event.EventHandlerManager.dispatchBubblingEvent(EventHandlerManager.java:238) [jfxrt.jar:na]
	at com.sun.javafx.event.EventHandlerManager.dispatchBubblingEvent(EventHandlerManager.java:191) [jfxrt.jar:na]
	at com.sun.javafx.event.BasicEventDispatcher.dispatchEvent(BasicEventDispatcher.java:58) [jfxrt.jar:na]
	at com.sun.javafx.event.EventDispatchChainImpl.dispatchEvent(EventDispatchChainImpl.java:114) [jfxrt.jar:na]
	at com.sun.javafx.event.EventUtil.fireEventImpl(EventUtil.java:74) [jfxrt.jar:na]
	at com.sun.javafx.event.EventUtil.fireEvent(EventUtil.java:49) [jfxrt.jar:na]
	at javafx.event.Event.fireEvent(Event.java:204) [jfxrt.jar:na]
	at javafx.scene.control.MenuItem.fire(MenuItem.java:462) [jfxrt.jar:na]
	at com.sun.javafx.scene.control.skin.ContextMenuContent$MenuItemContainer.doSelect(ContextMenuContent.java:1344) [jfxrt.jar:na]
	at com.sun.javafx.scene.control.skin.ContextMenuContent$MenuItemContainer.doSelect(ContextMenuContent.java:1319) [jfxrt.jar:na]
	at com.sun.javafx.scene.control.skin.ContextMenuContent$MenuItemContainer$7.handle(ContextMenuContent.java:1287) [jfxrt.jar:na]
	at com.sun.javafx.scene.control.skin.ContextMenuContent$MenuItemContainer$7.handle(ContextMenuContent.java:1285) [jfxrt.jar:na]
	at com.sun.javafx.event.CompositeEventHandler$NormalEventHandlerRecord.handleBubblingEvent(CompositeEventHandler.java:218) [jfxrt.jar:na]
	at com.sun.javafx.event.CompositeEventHandler.dispatchBubblingEvent(CompositeEventHandler.java:80) [jfxrt.jar:na]
	at com.sun.javafx.event.EventHandlerManager.dispatchBubblingEvent(EventHandlerManager.java:238) [jfxrt.jar:na]
	at com.sun.javafx.event.EventHandlerManager.dispatchBubblingEvent(EventHandlerManager.java:191) [jfxrt.jar:na]
	at com.sun.javafx.event.CompositeEventDispatcher.dispatchBubblingEvent(CompositeEventDispatcher.java:59) [jfxrt.jar:na]
	at com.sun.javafx.event.BasicEventDispatcher.dispatchEvent(BasicEventDispatcher.java:58) [jfxrt.jar:na]
	at com.sun.javafx.event.EventDispatchChainImpl.dispatchEvent(EventDispatchChainImpl.java:114) [jfxrt.jar:na]
	at com.sun.javafx.event.BasicEventDispatcher.dispatchEvent(BasicEventDispatcher.java:56) [jfxrt.jar:na]
	at com.sun.javafx.event.EventDispatchChainImpl.dispatchEvent(EventDispatchChainImpl.java:114) [jfxrt.jar:na]
	at com.sun.javafx.event.BasicEventDispatcher.dispatchEvent(BasicEventDispatcher.java:56) [jfxrt.jar:na]
	at com.sun.javafx.event.EventDispatchChainImpl.dispatchEvent(EventDispatchChainImpl.java:114) [jfxrt.jar:na]
	at com.sun.javafx.event.BasicEventDispatcher.dispatchEvent(BasicEventDispatcher.java:56) [jfxrt.jar:na]
	at com.sun.javafx.event.EventDispatchChainImpl.dispatchEvent(EventDispatchChainImpl.java:114) [jfxrt.jar:na]
	at com.sun.javafx.event.EventUtil.fireEventImpl(EventUtil.java:74) [jfxrt.jar:na]
	at com.sun.javafx.event.EventUtil.fireEvent(EventUtil.java:54) [jfxrt.jar:na]
	at javafx.event.Event.fireEvent(Event.java:204) [jfxrt.jar:na]
	at javafx.scene.Scene$MouseHandler.process(Scene.java:3746) [jfxrt.jar:na]
	at javafx.scene.Scene$MouseHandler.access$1800(Scene.java:3471) [jfxrt.jar:na]
	at javafx.scene.Scene.impl_processMouseEvent(Scene.java:1695) [jfxrt.jar:na]
	at javafx.scene.Scene$ScenePeerListener.mouseEvent(Scene.java:2486) [jfxrt.jar:na]
	at com.sun.javafx.tk.quantum.GlassViewEventHandler$MouseEventNotification.run(GlassViewEventHandler.java:314) [jfxrt.jar:na]
	at com.sun.javafx.tk.quantum.GlassViewEventHandler$MouseEventNotification.run(GlassViewEventHandler.java:243) [jfxrt.jar:na]
	at java.security.AccessController.doPrivileged(Native Method) [na:1.8.0]
	at com.sun.javafx.tk.quantum.GlassViewEventHandler.handleMouseEvent(GlassViewEventHandler.java:345) [jfxrt.jar:na]
	at com.sun.glass.ui.View.handleMouseEvent(View.java:526) [jfxrt.jar:na]
	at com.sun.glass.ui.View.notifyMouse(View.java:898) [jfxrt.jar:na]
	at com.sun.glass.ui.win.WinApplication._runLoop(Native Method) [jfxrt.jar:na]
	at com.sun.glass.ui.win.WinApplication.access$300(WinApplication.java:39) [jfxrt.jar:na]
	at com.sun.glass.ui.win.WinApplication$4$1.run(WinApplication.java:112) [jfxrt.jar:na]
	at java.lang.Thread.run(Thread.java:744) [na:1.8.0]
